# JRE version: OpenJDK Runtime Environment Temurin-17.0.4.1+1 (17.0.4.1+1) (build 17.0.4.1+1)
# Java VM: OpenJDK 64-Bit Server VM Temurin-17.0.4.1+1 (17.0.4.1+1, mixed mode, tiered, compressed oops, compressed class ptrs, g1 gc, windows-amd64)
GC Precious Log:
 CPUs: 4 total, 4 available
 Memory: 3978M
 Large Page Support: Disabled
 NUMA Support: Disabled
 Compressed Oops: Enabled (32-bit)
 Heap Region Size: 1M
 Heap Min Capacity: 8M
 Heap Initial Capacity: 64M
 Heap Max Capacity: 996M
 Pre-touch: Disabled
 Parallel Workers: 4
 Concurrent Workers: 1
 Concurrent Refinement Workers: 4
 Periodic GC: Disabled
Heap:
 garbage-first heap   total 37888K, used 20807K [0x00000000c1c00000, 0x0000000100000000)
  region size 1024K, 4 young (4096K), 2 survivors (2048K)
 Metaspace       used 48799K, committed 49280K, reserved 1097728K
  class space    used 6114K, committed 6336K, reserved 1048576K
GC Heap History (20 events):
Event: 7.740 GC heap before
{Heap before GC invocations=7 (full 0):
 garbage-first heap   total 37888K, used 24657K [0x00000000c1c00000, 0x0000000100000000)
  region size 1024K, 14 young (14336K), 1 survivors (1024K)
 Metaspace       used 27281K, committed 27584K, reserved 1073152K
  class space    used 3048K, committed 3200K, reserved 1048576K
}
Event: 7.743 GC heap after
{Heap after GC invocations=8 (full 0):
 garbage-first heap   total 37888K, used 12484K [0x00000000c1c00000, 0x0000000100000000)
  region size 1024K, 2 young (2048K), 2 survivors (2048K)
 Metaspace       used 27281K, committed 27584K, reserved 1073152K
  class space    used 3048K, committed 3200K, reserved 1048576K
}
Event: 8.567 GC heap before
{Heap before GC invocations=8 (full 0):
 garbage-first heap   total 37888K, used 25796K [0x00000000c1c00000, 0x0000000100000000)
  region size 1024K, 15 young (15360K), 2 survivors (2048K)
 Metaspace       used 28953K, committed 29184K, reserved 1081344K
  class space    used 3262K, committed 3392K, reserved 1048576K
}
Event: 8.571 GC heap after
{Heap after GC invocations=9 (full 0):
 garbage-first heap   total 37888K, used 13379K [0x00000000c1c00000, 0x0000000100000000)
  region size 1024K, 1 young (1024K), 1 survivors (1024K)
 Metaspace       used 28953K, committed 29184K, reserved 1081344K
  class space    used 3262K, committed 3392K, reserved 1048576K
}
Event: 9.945 GC heap before
{Heap before GC invocations=9 (full 0):
 garbage-first heap   total 37888K, used 26691K [0x00000000c1c00000, 0x0000000100000000)
  region size 1024K, 14 young (14336K), 1 survivors (1024K)
 Metaspace       used 31178K, committed 31552K, reserved 1081344K
  class space    used 3599K, committed 3776K, reserved 1048576K
}
Event: 9.949 GC heap after
{Heap after GC invocations=10 (full 0):
 garbage-first heap   total 37888K, used 14441K [0x00000000c1c00000, 0x0000000100000000)
  region size 1024K, 2 young (2048K), 2 survivors (2048K)
 Metaspace       used 31178K, committed 31552K, reserved 1081344K
  class space    used 3599K, committed 3776K, reserved 1048576K
}
Event: 10.923 GC heap before
{Heap before GC invocations=10 (full 0):
 garbage-first heap   total 37888K, used 27753K [0x00000000c1c00000, 0x0000000100000000)
  region size 1024K, 15 young (15360K), 2 survivors (2048K)
 Metaspace       used 33619K, committed 33984K, reserved 1081344K
  class space    used 3945K, committed 4096K, reserved 1048576K
}
Event: 10.932 GC heap after
{Heap after GC invocations=11 (full 0):
 garbage-first heap   total 37888K, used 15971K [0x00000000c1c00000, 0x0000000100000000)
  region size 1024K, 2 young (2048K), 2 survivors (2048K)
 Metaspace       used 33619K, committed 33984K, reserved 1081344K
  class space    used 3945K, committed 4096K, reserved 1048576K
}
Event: 11.858 GC heap before
{Heap before GC invocations=11 (full 0):
 garbage-first heap   total 37888K, used 24163K [0x00000000c1c00000, 0x0000000100000000)
  region size 1024K, 11 young (11264K), 2 survivors (2048K)
 Metaspace       used 35776K, committed 36096K, reserved 1081344K
  class space    used 4229K, committed 4352K, reserved 1048576K
}
Event: 11.862 GC heap after
{Heap after GC invocations=12 (full 0):
 garbage-first heap   total 37888K, used 16880K [0x00000000c1c00000, 0x0000000100000000)
  region size 1024K, 1 young (1024K), 1 survivors (1024K)
 Metaspace       used 35776K, committed 36096K, reserved 1081344K
  class space    used 4229K, committed 4352K, reserved 1048576K
}
Event: 13.235 GC heap before
{Heap before GC invocations=13 (full 0):
 garbage-first heap   total 37888K, used 27120K [0x00000000c1c00000, 0x0000000100000000)
  region size 1024K, 12 young (12288K), 1 survivors (1024K)
 Metaspace       used 37271K, committed 37696K, reserved 1089536K
  class space    used 4419K, committed 4608K, reserved 1048576K
}
Event: 13.238 GC heap after
{Heap after GC invocations=14 (full 0):
 garbage-first heap   total 37888K, used 17428K [0x00000000c1c00000, 0x0000000100000000)
  region size 1024K, 2 young (2048K), 2 survivors (2048K)
 Metaspace       used 37271K, committed 37696K, reserved 1089536K
  class space    used 4419K, committed 4608K, reserved 1048576K
}
Event: 14.341 GC heap before
{Heap before GC invocations=14 (full 0):
 garbage-first heap   total 37888K, used 28692K [0x00000000c1c00000, 0x0000000100000000)
  region size 1024K, 13 young (13312K), 2 survivors (2048K)
 Metaspace       used 39507K, committed 40000K, reserved 1089536K
  class space    used 4705K, committed 4928K, reserved 1048576K
}
Event: 14.349 GC heap after
{Heap after GC invocations=15 (full 0):
 garbage-first heap   total 37888K, used 18035K [0x00000000c1c00000, 0x0000000100000000)
  region size 1024K, 2 young (2048K), 2 survivors (2048K)
 Metaspace       used 39507K, committed 40000K, reserved 1089536K
  class space    used 4705K, committed 4928K, reserved 1048576K
}
Event: 15.605 GC heap before
{Heap before GC invocations=15 (full 0):
 garbage-first heap   total 37888K, used 29299K [0x00000000c1c00000, 0x0000000100000000)
  region size 1024K, 13 young (13312K), 2 survivors (2048K)
 Metaspace       used 42507K, committed 42944K, reserved 1089536K
  class space    used 5182K, committed 5376K, reserved 1048576K
}
Event: 15.609 GC heap after
{Heap after GC invocations=16 (full 0):
 garbage-first heap   total 37888K, used 18673K [0x00000000c1c00000, 0x0000000100000000)
  region size 1024K, 2 young (2048K), 2 survivors (2048K)
 Metaspace       used 42507K, committed 42944K, reserved 1089536K
  class space    used 5182K, committed 5376K, reserved 1048576K
}
Event: 16.479 GC heap before
{Heap before GC invocations=17 (full 0):
 garbage-first heap   total 37888K, used 29937K [0x00000000c1c00000, 0x0000000100000000)
  region size 1024K, 13 young (13312K), 2 survivors (2048K)
 Metaspace       used 45153K, committed 45568K, reserved 1089536K
  class space    used 5646K, committed 5824K, reserved 1048576K
}
Event: 16.484 GC heap after
{Heap after GC invocations=18 (full 0):
 garbage-first heap   total 37888K, used 19155K [0x00000000c1c00000, 0x0000000100000000)
  region size 1024K, 2 young (2048K), 2 survivors (2048K)
 Metaspace       used 45153K, committed 45568K, reserved 1089536K
  class space    used 5646K, committed 5824K, reserved 1048576K
}
Event: 17.150 GC heap before
{Heap before GC invocations=18 (full 0):
 garbage-first heap   total 37888K, used 28371K [0x00000000c1c00000, 0x0000000100000000)
  region size 1024K, 12 young (12288K), 2 survivors (2048K)
 Metaspace       used 48252K, committed 48704K, reserved 1097728K
  class space    used 6042K, committed 6208K, reserved 1048576K
}
Event: 17.153 GC heap after
{Heap after GC invocations=19 (full 0):
 garbage-first heap   total 37888K, used 19783K [0x00000000c1c00000, 0x0000000100000000)
  region size 1024K, 2 young (2048K), 2 survivors (2048K)
 Metaspace       used 48252K, committed 48704K, reserved 1097728K
  class space    used 6042K, committed 6208K, reserved 1048576K
}

